<?xml version="1.0" encoding="utf-8"?><testsuites name="pytest tests"><testsuite name="pytest" errors="0" failures="0" skipped="0" tests="13" time="2.422" timestamp="2026-01-16T22:00:45.772327+00:00" hostname="agent-env-76644bf3-f14c-4704-8d41-d634e9ef5dd8"><testcase classname="tests.test_iteration_3.TestPMCodeAPI" name="test_get_pm_code" time="0.318" /><testcase classname="tests.test_iteration_3.TestPMCodeAPI" name="test_generate_pm_code" time="0.021" /><testcase classname="tests.test_iteration_3.TestPMTenantsAPI" name="test_get_pm_tenants" time="0.582" /><testcase classname="tests.test_iteration_3.TestPMFavoritesAPI" name="test_get_pm_favorites_empty" time="0.304" /><testcase classname="tests.test_iteration_3.TestPMFavoritesAPI" name="test_add_pm_favorite" time="0.304" /><testcase classname="tests.test_iteration_3.TestPMFavoritesAPI" name="test_get_pm_favorites_after_add" time="0.013" /><testcase classname="tests.test_iteration_3.TestPMFavoritesAPI" name="test_remove_pm_favorite" time="0.014" /><testcase classname="tests.test_iteration_3.TestTenantIssuesAPI" name="test_tenant_create_issue" time="0.547" /><testcase classname="tests.test_iteration_3.TestTenantIssuesAPI" name="test_tenant_get_issues" time="0.013" /><testcase classname="tests.test_iteration_3.TestTenantIssuesAPI" name="test_pm_get_issues" time="0.018" /><testcase classname="tests.test_iteration_3.TestProvidersAPI" name="test_get_all_providers" time="0.024" /><testcase classname="tests.test_iteration_3.TestHealthCheck" name="test_api_ping" time="0.024" /><testcase classname="tests.test_iteration_3.TestHealthCheck" name="test_api_root" time="0.023" /></testsuite></testsuites>