<?xml version="1.0" encoding="utf-8"?><testsuites name="pytest tests"><testsuite name="pytest" errors="0" failures="1" skipped="0" tests="19" time="4.859" timestamp="2026-01-11T06:15:12.323143+00:00" hostname="agent-env-2aa8cd7a-f89e-49a5-b077-2a587a495b6a"><testcase classname="tests.test_p2_p3_features.TestSetup" name="test_pm_login" time="0.344" /><testcase classname="tests.test_p2_p3_features.TestSetup" name="test_pm_user_type" time="0.027" /><testcase classname="tests.test_p2_p3_features.TestIssueClassification" name="test_classify_issue_small" time="0.681" /><testcase classname="tests.test_p2_p3_features.TestIssueClassification" name="test_classify_issue_medium" time="0.038" /><testcase classname="tests.test_p2_p3_features.TestIssueClassification" name="test_classify_issue_big" time="0.028" /><testcase classname="tests.test_p2_p3_features.TestIssueClassification" name="test_classify_invalid_size" time="0.021" /><testcase classname="tests.test_p2_p3_features.TestIssueClassification" name="test_get_issues_by_size" time="0.033" /><testcase classname="tests.test_p2_p3_features.TestProviderQuoteSubmission" name="test_provider_can_get_orders" time="0.370" /><testcase classname="tests.test_p2_p3_features.TestProviderQuoteSubmission" name="test_submit_quote" time="0.704" /><testcase classname="tests.test_p2_p3_features.TestProviderQuoteSubmission" name="test_submit_quote_without_amount_fails" time="0.020" /><testcase classname="tests.test_p2_p3_features.TestPMQuotesAndScheduling" name="test_get_pm_quotes" time="0.389" /><testcase classname="tests.test_p2_p3_features.TestCalendar" name="test_get_pm_calendar" time="0.313" /><testcase classname="tests.test_p2_p3_features.TestScheduleService" name="test_schedule_service" time="1.106" /><testcase classname="tests.test_p2_p3_features.TestScheduleService" name="test_schedule_without_date_fails" time="0.023" /><testcase classname="tests.test_p2_p3_features.TestScheduleService" name="test_calendar_shows_scheduled_event" time="0.041" /><testcase classname="tests.test_p2_p3_features.TestPMOrdersPageTabs" name="test_pm_can_get_issues" time="0.317" /><testcase classname="tests.test_p2_p3_features.TestPMOrdersPageTabs" name="test_pm_can_get_quotes" time="0.028" /><testcase classname="tests.test_p2_p3_features.TestPMOrdersPageTabs" name="test_pm_can_get_orders" time="0.021"><failure message="assert 404 == 200&#10; +  where 404 = &lt;Response [404]&gt;.status_code">tests/test_p2_p3_features.py:632: in test_pm_can_get_orders
    assert response.status_code == 200
E   assert 404 == 200
E    +  where 404 = &lt;Response [404]&gt;.status_code</failure></testcase><testcase classname="tests.test_p2_p3_features.TestPMOrdersPageTabs" name="test_pm_can_get_calendar" time="0.033" /></testsuite></testsuites>