<?xml version="1.0" encoding="utf-8"?><testsuites name="pytest tests"><testsuite name="pytest" errors="0" failures="1" skipped="0" tests="16" time="3.172" timestamp="2026-01-11T04:46:06.219331+00:00" hostname="agent-env-13873f01-021d-4007-a662-f30cc3e290a9"><testcase classname="tests.test_property_management.TestAuthAndPMCode" name="test_01_ping_api" time="0.099" /><testcase classname="tests.test_property_management.TestAuthAndPMCode" name="test_02_pm_registration" time="0.321" /><testcase classname="tests.test_property_management.TestAuthAndPMCode" name="test_03_pm_login" time="0.316" /><testcase classname="tests.test_property_management.TestAuthAndPMCode" name="test_04_pm_generate_invite_code" time="0.059" /><testcase classname="tests.test_property_management.TestAuthAndPMCode" name="test_05_pm_get_my_code" time="0.015" /><testcase classname="tests.test_property_management.TestAuthAndPMCode" name="test_06_tenant_registration_with_pm_code" time="0.307" /><testcase classname="tests.test_property_management.TestAuthAndPMCode" name="test_07_tenant_get_linked_pm" time="0.054" /><testcase classname="tests.test_property_management.TestAuthAndPMCode" name="test_08_pm_get_tenants" time="0.018" /><testcase classname="tests.test_property_management.TestAuthAndPMCode" name="test_09_pm_get_properties" time="0.052" /><testcase classname="tests.test_property_management.TestIssueReporting" name="test_01_ai_summarize_issue" time="1.046"><failure message="assert 'summary' in {'response': &quot;Hello! Please tell me what issue you're experiencing, and I'll be happy to help you.&quot;, 'session_id': 'issue_fbba3131-a258-4ea6-b5e1-1ef399809c7a_f32b728e'}">tests/test_property_management.py:220: in test_01_ai_summarize_issue
    assert "summary" in data
E   assert 'summary' in {'response': "Hello! Please tell me what issue you're experiencing, and I'll be happy to help you.", 'session_id': 'issue_fbba3131-a258-4ea6-b5e1-1ef399809c7a_f32b728e'}</failure></testcase><testcase classname="tests.test_property_management.TestIssueReporting" name="test_02_create_issue" time="0.015" /><testcase classname="tests.test_property_management.TestIssueReporting" name="test_03_get_tenant_issues" time="0.053" /><testcase classname="tests.test_property_management.TestExistingCredentials" name="test_01_pm_login_existing" time="0.256" /><testcase classname="tests.test_property_management.TestExistingCredentials" name="test_02_tenant_login_existing" time="0.246" /><testcase classname="tests.test_property_management.TestServicesAndProviders" name="test_01_get_services" time="0.023" /><testcase classname="tests.test_property_management.TestServicesAndProviders" name="test_02_get_providers" time="0.012" /></testsuite></testsuites>