<?xml version="1.0" encoding="utf-8"?><testsuites name="pytest tests"><testsuite name="pytest" errors="0" failures="0" skipped="0" tests="8" time="1.259" timestamp="2026-01-11T05:18:31.743288+00:00" hostname="agent-env-2aa8cd7a-f89e-49a5-b077-2a587a495b6a"><testcase classname="tests.test_quick_send_provider.TestQuickSendToProvider" name="test_01_pm_login" time="0.334" /><testcase classname="tests.test_quick_send_provider.TestQuickSendToProvider" name="test_02_get_providers" time="0.018" /><testcase classname="tests.test_quick_send_provider.TestQuickSendToProvider" name="test_03_create_test_issue" time="0.332" /><testcase classname="tests.test_quick_send_provider.TestQuickSendToProvider" name="test_04_pm_view_issues" time="0.016" /><testcase classname="tests.test_quick_send_provider.TestQuickSendToProvider" name="test_05_quick_send_to_provider" time="0.100" /><testcase classname="tests.test_quick_send_provider.TestQuickSendToProvider" name="test_06_verify_issue_status_updated" time="0.110" /><testcase classname="tests.test_quick_send_provider.TestQuickSendToProvider" name="test_07_verify_order_created" time="0.146" /><testcase classname="tests.test_quick_send_provider.TestProviderMatchBadge" name="test_provider_services_match_issue_category" time="0.022" /></testsuite></testsuites>