<?xml version="1.0" encoding="utf-8"?><testsuites name="pytest tests"><testsuite name="pytest" errors="0" failures="0" skipped="0" tests="22" time="2.983" timestamp="2026-01-17T00:34:26.786045+00:00" hostname="agent-env-76644bf3-f14c-4704-8d41-d634e9ef5dd8"><testcase classname="tests.test_quote_management.TestQuoteManagementWorkflow" name="test_01_health_check" time="0.077" /><testcase classname="tests.test_quote_management.TestQuoteManagementWorkflow" name="test_02_register_property_manager" time="0.306" /><testcase classname="tests.test_quote_management.TestQuoteManagementWorkflow" name="test_03_register_provider" time="0.279" /><testcase classname="tests.test_quote_management.TestQuoteManagementWorkflow" name="test_04_register_tenant_with_pm_code" time="0.259" /><testcase classname="tests.test_quote_management.TestQuoteManagementWorkflow" name="test_05_tenant_creates_issue" time="0.034" /><testcase classname="tests.test_quote_management.TestQuoteManagementWorkflow" name="test_06_pm_sees_issue" time="0.026" /><testcase classname="tests.test_quote_management.TestQuoteManagementWorkflow" name="test_07_pm_sends_issue_to_provider" time="0.036" /><testcase classname="tests.test_quote_management.TestQuoteManagementWorkflow" name="test_08_provider_sees_assigned_order" time="0.022" /><testcase classname="tests.test_quote_management.TestQuoteManagementWorkflow" name="test_09_provider_submits_quote" time="0.026" /><testcase classname="tests.test_quote_management.TestQuoteManagementWorkflow" name="test_10_pm_sees_pending_quote" time="0.022" /><testcase classname="tests.test_quote_management.TestQuoteManagementWorkflow" name="test_11_pm_approves_quote" time="0.033" /><testcase classname="tests.test_quote_management.TestQuoteManagementWorkflow" name="test_12_pm_schedules_service" time="0.026" /><testcase classname="tests.test_quote_management.TestQuoteManagementWorkflow" name="test_13_pm_calendar_shows_event" time="0.024" /><testcase classname="tests.test_quote_management.TestQuoteRejectionFlow" name="test_01_setup_accounts" time="0.524" /><testcase classname="tests.test_quote_management.TestQuoteRejectionFlow" name="test_02_create_order_for_rejection" time="0.311" /><testcase classname="tests.test_quote_management.TestQuoteRejectionFlow" name="test_03_provider_submits_high_quote" time="0.026" /><testcase classname="tests.test_quote_management.TestQuoteRejectionFlow" name="test_04_pm_rejects_quote" time="0.031" /><testcase classname="tests.test_quote_management.TestQuoteRejectionFlow" name="test_05_order_status_reset" time="0.025" /><testcase classname="tests.test_quote_management.TestProviderOrdersEndpoint" name="test_provider_orders_requires_auth" time="0.066" /><testcase classname="tests.test_quote_management.TestProviderOrdersEndpoint" name="test_provider_orders_requires_provider_role" time="0.327" /><testcase classname="tests.test_quote_management.TestPMCalendarEndpoint" name="test_pm_calendar_requires_auth" time="0.017" /><testcase classname="tests.test_quote_management.TestPMCalendarEndpoint" name="test_pm_calendar_requires_pm_role" time="0.281" /></testsuite></testsuites>